CRITICAL - 2023-09-23 14:52:25 --> Invalid file: "select_from.php"
in SYSTEMPATH\Exceptions\FrameworkException.php on line 39.
 1 SYSTEMPATH\View\View.php(214): CodeIgniter\Exceptions\FrameworkException::forInvalidFile('select_from.php')
 2 SYSTEMPATH\View\View.php(467): CodeIgniter\View\View->render('select_from', null, true)
 3 APPPATH\Views\modals\playlist.php(1): CodeIgniter\View\View->include('select_from')
 4 SYSTEMPATH\View\View.php(226): include('C:\\laragon\\www\\musicPlayer\\app\\Views\\modals\\playlist.php')
 5 SYSTEMPATH\View\View.php(229): CodeIgniter\View\View->CodeIgniter\View\{closure}()
 6 SYSTEMPATH\View\View.php(467): CodeIgniter\View\View->render('modals/playlist', null, true)
 7 APPPATH\Views\index.php(14): CodeIgniter\View\View->include('modals/playlist')
 8 SYSTEMPATH\View\View.php(226): include('C:\\laragon\\www\\musicPlayer\\app\\Views\\index.php')
 9 SYSTEMPATH\View\View.php(229): CodeIgniter\View\View->CodeIgniter\View\{closure}()
10 SYSTEMPATH\Common.php(1188): CodeIgniter\View\View->render('index', [], true)
11 APPPATH\Controllers\Home.php(9): view('index')
12 SYSTEMPATH\CodeIgniter.php(919): App\Controllers\Home->index()
13 SYSTEMPATH\CodeIgniter.php(494): CodeIgniter\CodeIgniter->runController(Object(App\Controllers\Home))
14 SYSTEMPATH\CodeIgniter.php(353): CodeIgniter\CodeIgniter->handleRequest(null, Object(Config\Cache), false)
15 FCPATH\index.php(79): CodeIgniter\CodeIgniter->run()
16 SYSTEMPATH\Commands\Server\rewrite.php(47): require_once('C:\\laragon\\www\\musicPlayer\\public\\index.php')
CRITICAL - 2023-09-23 14:52:37 --> Invalid file: "/select_from.php"
in SYSTEMPATH\Exceptions\FrameworkException.php on line 39.
 1 SYSTEMPATH\View\View.php(214): CodeIgniter\Exceptions\FrameworkException::forInvalidFile('/select_from.php')
 2 SYSTEMPATH\View\View.php(467): CodeIgniter\View\View->render('/select_from', null, true)
 3 APPPATH\Views\modals\playlist.php(1): CodeIgniter\View\View->include('/select_from')
 4 SYSTEMPATH\View\View.php(226): include('C:\\laragon\\www\\musicPlayer\\app\\Views\\modals\\playlist.php')
 5 SYSTEMPATH\View\View.php(229): CodeIgniter\View\View->CodeIgniter\View\{closure}()
 6 SYSTEMPATH\View\View.php(467): CodeIgniter\View\View->render('modals/playlist', null, true)
 7 APPPATH\Views\index.php(14): CodeIgniter\View\View->include('modals/playlist')
 8 SYSTEMPATH\View\View.php(226): include('C:\\laragon\\www\\musicPlayer\\app\\Views\\index.php')
 9 SYSTEMPATH\View\View.php(229): CodeIgniter\View\View->CodeIgniter\View\{closure}()
10 SYSTEMPATH\Common.php(1188): CodeIgniter\View\View->render('index', [], true)
11 APPPATH\Controllers\Home.php(9): view('index')
12 SYSTEMPATH\CodeIgniter.php(919): App\Controllers\Home->index()
13 SYSTEMPATH\CodeIgniter.php(494): CodeIgniter\CodeIgniter->runController(Object(App\Controllers\Home))
14 SYSTEMPATH\CodeIgniter.php(353): CodeIgniter\CodeIgniter->handleRequest(null, Object(Config\Cache), false)
15 FCPATH\index.php(79): CodeIgniter\CodeIgniter->run()
16 SYSTEMPATH\Commands\Server\rewrite.php(47): require_once('C:\\laragon\\www\\musicPlayer\\public\\index.php')
CRITICAL - 2023-09-23 14:52:48 --> Invalid file: "<modals>select_from.php"
in SYSTEMPATH\Exceptions\FrameworkException.php on line 39.
 1 SYSTEMPATH\View\View.php(214): CodeIgniter\Exceptions\FrameworkException::forInvalidFile('<modals>select_from.php')
 2 SYSTEMPATH\View\View.php(467): CodeIgniter\View\View->render('<modals>select_from', null, true)
 3 APPPATH\Views\modals\playlist.php(1): CodeIgniter\View\View->include('<modals>select_from')
 4 SYSTEMPATH\View\View.php(226): include('C:\\laragon\\www\\musicPlayer\\app\\Views\\modals\\playlist.php')
 5 SYSTEMPATH\View\View.php(229): CodeIgniter\View\View->CodeIgniter\View\{closure}()
 6 SYSTEMPATH\View\View.php(467): CodeIgniter\View\View->render('modals/playlist', null, true)
 7 APPPATH\Views\index.php(14): CodeIgniter\View\View->include('modals/playlist')
 8 SYSTEMPATH\View\View.php(226): include('C:\\laragon\\www\\musicPlayer\\app\\Views\\index.php')
 9 SYSTEMPATH\View\View.php(229): CodeIgniter\View\View->CodeIgniter\View\{closure}()
10 SYSTEMPATH\Common.php(1188): CodeIgniter\View\View->render('index', [], true)
11 APPPATH\Controllers\Home.php(9): view('index')
12 SYSTEMPATH\CodeIgniter.php(919): App\Controllers\Home->index()
13 SYSTEMPATH\CodeIgniter.php(494): CodeIgniter\CodeIgniter->runController(Object(App\Controllers\Home))
14 SYSTEMPATH\CodeIgniter.php(353): CodeIgniter\CodeIgniter->handleRequest(null, Object(Config\Cache), false)
15 FCPATH\index.php(79): CodeIgniter\CodeIgniter->run()
16 SYSTEMPATH\Commands\Server\rewrite.php(47): require_once('C:\\laragon\\www\\musicPlayer\\public\\index.php')
