CRITICAL - 2023-09-24 08:15:47 --> Undefined variable $songs
in APPPATH\Views\index.php on line 43.
 1 APPPATH\Views\index.php(43): CodeIgniter\Debug\Exceptions->errorHandler(2, 'Undefined variable $songs', 'C:\\laragon\\www\\musicPlayer\\app\\Views\\index.php', 43)
 2 SYSTEMPATH\View\View.php(226): include('C:\\laragon\\www\\musicPlayer\\app\\Views\\index.php')
 3 SYSTEMPATH\View\View.php(229): CodeIgniter\View\View->CodeIgniter\View\{closure}()
 4 SYSTEMPATH\Common.php(1188): CodeIgniter\View\View->render('index', [], true)
 5 APPPATH\Controllers\MusicController.php(17): view('index')
 6 SYSTEMPATH\CodeIgniter.php(919): App\Controllers\MusicController->MusicPlayer()
 7 SYSTEMPATH\CodeIgniter.php(494): CodeIgniter\CodeIgniter->runController(Object(App\Controllers\MusicController))
 8 SYSTEMPATH\CodeIgniter.php(353): CodeIgniter\CodeIgniter->handleRequest(null, Object(Config\Cache), false)
 9 FCPATH\index.php(79): CodeIgniter\CodeIgniter->run()
10 SYSTEMPATH\Commands\Server\rewrite.php(47): require_once('C:\\laragon\\www\\musicPlayer\\public\\index.php')
CRITICAL - 2023-09-24 08:17:46 --> Undefined variable $songs
in APPPATH\Views\index.php on line 43.
 1 APPPATH\Views\index.php(43): CodeIgniter\Debug\Exceptions->errorHandler(2, 'Undefined variable $songs', 'C:\\laragon\\www\\musicPlayer\\app\\Views\\index.php', 43)
 2 SYSTEMPATH\View\View.php(226): include('C:\\laragon\\www\\musicPlayer\\app\\Views\\index.php')
 3 SYSTEMPATH\View\View.php(229): CodeIgniter\View\View->CodeIgniter\View\{closure}()
 4 SYSTEMPATH\Common.php(1188): CodeIgniter\View\View->render('index', [], true)
 5 APPPATH\Controllers\MusicController.php(17): view('index')
 6 SYSTEMPATH\CodeIgniter.php(919): App\Controllers\MusicController->MusicPlayer()
 7 SYSTEMPATH\CodeIgniter.php(494): CodeIgniter\CodeIgniter->runController(Object(App\Controllers\MusicController))
 8 SYSTEMPATH\CodeIgniter.php(353): CodeIgniter\CodeIgniter->handleRequest(null, Object(Config\Cache), false)
 9 FCPATH\index.php(79): CodeIgniter\CodeIgniter->run()
10 SYSTEMPATH\Commands\Server\rewrite.php(47): require_once('C:\\laragon\\www\\musicPlayer\\public\\index.php')
CRITICAL - 2023-09-24 08:28:49 --> Undefined variable $songs
in APPPATH\Views\index.php on line 43.
 1 APPPATH\Views\index.php(43): CodeIgniter\Debug\Exceptions->errorHandler(2, 'Undefined variable $songs', 'C:\\laragon\\www\\musicPlayer\\app\\Views\\index.php', 43)
 2 SYSTEMPATH\View\View.php(226): include('C:\\laragon\\www\\musicPlayer\\app\\Views\\index.php')
 3 SYSTEMPATH\View\View.php(229): CodeIgniter\View\View->CodeIgniter\View\{closure}()
 4 SYSTEMPATH\Common.php(1188): CodeIgniter\View\View->render('index', [], true)
 5 APPPATH\Controllers\MusicController.php(25): view('index', [...])
 6 SYSTEMPATH\CodeIgniter.php(919): App\Controllers\MusicController->MusicPlayer()
 7 SYSTEMPATH\CodeIgniter.php(494): CodeIgniter\CodeIgniter->runController(Object(App\Controllers\MusicController))
 8 SYSTEMPATH\CodeIgniter.php(353): CodeIgniter\CodeIgniter->handleRequest(null, Object(Config\Cache), false)
 9 FCPATH\index.php(79): CodeIgniter\CodeIgniter->run()
10 SYSTEMPATH\Commands\Server\rewrite.php(47): require_once('C:\\laragon\\www\\musicPlayer\\public\\index.php')
CRITICAL - 2023-09-24 08:35:05 --> Undefined array key "ms_name"
in APPPATH\Views\modals\playlist.php on line 15.
 1 APPPATH\Views\modals\playlist.php(15): CodeIgniter\Debug\Exceptions->errorHandler(2, 'Undefined array key "ms_name"', 'C:\\laragon\\www\\musicPlayer\\app\\Views\\modals\\playlist.php', 15)
 2 SYSTEMPATH\View\View.php(226): include('C:\\laragon\\www\\musicPlayer\\app\\Views\\modals\\playlist.php')
 3 SYSTEMPATH\View\View.php(229): CodeIgniter\View\View->CodeIgniter\View\{closure}()
 4 SYSTEMPATH\View\View.php(467): CodeIgniter\View\View->render('modals/playlist', null, true)
 5 APPPATH\Views\index.php(14): CodeIgniter\View\View->include('modals/playlist')
 6 SYSTEMPATH\View\View.php(226): include('C:\\laragon\\www\\musicPlayer\\app\\Views\\index.php')
 7 SYSTEMPATH\View\View.php(229): CodeIgniter\View\View->CodeIgniter\View\{closure}()
 8 SYSTEMPATH\Common.php(1188): CodeIgniter\View\View->render('index', [], true)
 9 APPPATH\Controllers\MusicController.php(27): view('index', [...])
10 SYSTEMPATH\CodeIgniter.php(919): App\Controllers\MusicController->MusicPlayer()
11 SYSTEMPATH\CodeIgniter.php(494): CodeIgniter\CodeIgniter->runController(Object(App\Controllers\MusicController))
12 SYSTEMPATH\CodeIgniter.php(353): CodeIgniter\CodeIgniter->handleRequest(null, Object(Config\Cache), false)
13 FCPATH\index.php(79): CodeIgniter\CodeIgniter->run()
14 SYSTEMPATH\Commands\Server\rewrite.php(47): require_once('C:\\laragon\\www\\musicPlayer\\public\\index.php')
CRITICAL - 2023-09-24 08:50:00 --> Invalid file: "create_playlist_modal.php"
in SYSTEMPATH\Exceptions\FrameworkException.php on line 39.
 1 SYSTEMPATH\View\View.php(214): CodeIgniter\Exceptions\FrameworkException::forInvalidFile('create_playlist_modal.php')
 2 SYSTEMPATH\View\View.php(467): CodeIgniter\View\View->render('create_playlist_modal', null, true)
 3 APPPATH\Views\modals\playlist.php(2): CodeIgniter\View\View->include('create_playlist_modal')
 4 SYSTEMPATH\View\View.php(226): include('C:\\laragon\\www\\musicPlayer\\app\\Views\\modals\\playlist.php')
 5 SYSTEMPATH\View\View.php(229): CodeIgniter\View\View->CodeIgniter\View\{closure}()
 6 SYSTEMPATH\View\View.php(467): CodeIgniter\View\View->render('modals/playlist', null, true)
 7 APPPATH\Views\index.php(14): CodeIgniter\View\View->include('modals/playlist')
 8 SYSTEMPATH\View\View.php(226): include('C:\\laragon\\www\\musicPlayer\\app\\Views\\index.php')
 9 SYSTEMPATH\View\View.php(229): CodeIgniter\View\View->CodeIgniter\View\{closure}()
10 SYSTEMPATH\Common.php(1188): CodeIgniter\View\View->render('index', [], true)
11 APPPATH\Controllers\MusicController.php(27): view('index', [...])
12 SYSTEMPATH\CodeIgniter.php(919): App\Controllers\MusicController->MusicPlayer()
13 SYSTEMPATH\CodeIgniter.php(494): CodeIgniter\CodeIgniter->runController(Object(App\Controllers\MusicController))
14 SYSTEMPATH\CodeIgniter.php(353): CodeIgniter\CodeIgniter->handleRequest(null, Object(Config\Cache), false)
15 FCPATH\index.php(79): CodeIgniter\CodeIgniter->run()
16 SYSTEMPATH\Commands\Server\rewrite.php(47): require_once('C:\\laragon\\www\\musicPlayer\\public\\index.php')
CRITICAL - 2023-09-24 08:57:18 --> Invalid file: "modals/create_playlist_modal.php"
in SYSTEMPATH\Exceptions\FrameworkException.php on line 39.
 1 SYSTEMPATH\View\View.php(214): CodeIgniter\Exceptions\FrameworkException::forInvalidFile('modals/create_playlist_modal.php')
 2 SYSTEMPATH\View\View.php(467): CodeIgniter\View\View->render('modals/create_playlist_modal', null, true)
 3 APPPATH\Views\modals\playlist.php(2): CodeIgniter\View\View->include('modals/create_playlist_modal')
 4 SYSTEMPATH\View\View.php(226): include('C:\\laragon\\www\\musicPlayer\\app\\Views\\modals\\playlist.php')
 5 SYSTEMPATH\View\View.php(229): CodeIgniter\View\View->CodeIgniter\View\{closure}()
 6 SYSTEMPATH\View\View.php(467): CodeIgniter\View\View->render('modals/playlist', null, true)
 7 APPPATH\Views\index.php(14): CodeIgniter\View\View->include('modals/playlist')
 8 SYSTEMPATH\View\View.php(226): include('C:\\laragon\\www\\musicPlayer\\app\\Views\\index.php')
 9 SYSTEMPATH\View\View.php(229): CodeIgniter\View\View->CodeIgniter\View\{closure}()
10 SYSTEMPATH\Common.php(1188): CodeIgniter\View\View->render('index', [], true)
11 APPPATH\Controllers\MusicController.php(27): view('index', [...])
12 SYSTEMPATH\CodeIgniter.php(919): App\Controllers\MusicController->MusicPlayer()
13 SYSTEMPATH\CodeIgniter.php(494): CodeIgniter\CodeIgniter->runController(Object(App\Controllers\MusicController))
14 SYSTEMPATH\CodeIgniter.php(353): CodeIgniter\CodeIgniter->handleRequest(null, Object(Config\Cache), false)
15 FCPATH\index.php(79): CodeIgniter\CodeIgniter->run()
16 SYSTEMPATH\Commands\Server\rewrite.php(47): require_once('C:\\laragon\\www\\musicPlayer\\public\\index.php')
ERROR - 2023-09-24 10:08:22 --> mysqli_sql_exception: Cannot add or update a child row: a foreign key constraint fails (`music`.`tbl_playmusic`, CONSTRAINT `fk_music` FOREIGN KEY (`id_ms`) REFERENCES `tbl_music` (`ms_id`) ON DELETE CASCADE) in C:\laragon\www\musicPlayer\system\Database\MySQLi\Connection.php:306
Stack trace:
#0 C:\laragon\www\musicPlayer\system\Database\MySQLi\Connection.php(306): mysqli->query('INSERT INTO `tb...', 0)
#1 C:\laragon\www\musicPlayer\system\Database\BaseConnection.php(692): CodeIgniter\Database\MySQLi\Connection->execute('INSERT INTO `tb...')
#2 C:\laragon\www\musicPlayer\system\Database\BaseConnection.php(606): CodeIgniter\Database\BaseConnection->simpleQuery('INSERT INTO `tb...')
#3 C:\laragon\www\musicPlayer\system\Database\BaseBuilder.php(2308): CodeIgniter\Database\BaseConnection->query('INSERT INTO `tb...', Array, false)
#4 C:\laragon\www\musicPlayer\system\Model.php(319): CodeIgniter\Database\BaseBuilder->insert()
#5 C:\laragon\www\musicPlayer\system\BaseModel.php(788): CodeIgniter\Model->doInsert(Array)
#6 C:\laragon\www\musicPlayer\system\Model.php(715): CodeIgniter\BaseModel->insert(Array, true)
#7 C:\laragon\www\musicPlayer\app\Controllers\MusicController.php(127): CodeIgniter\Model->insert(Array)
#8 C:\laragon\www\musicPlayer\system\CodeIgniter.php(919): App\Controllers\MusicController->addToPlaylist()
#9 C:\laragon\www\musicPlayer\system\CodeIgniter.php(494): CodeIgniter\CodeIgniter->runController(Object(App\Controllers\MusicController))
#10 C:\laragon\www\musicPlayer\system\CodeIgniter.php(353): CodeIgniter\CodeIgniter->handleRequest(NULL, Object(Config\Cache), false)
#11 C:\laragon\www\musicPlayer\public\index.php(79): CodeIgniter\CodeIgniter->run()
#12 C:\laragon\www\musicPlayer\system\Commands\Server\rewrite.php(47): require_once('C:\\laragon\\www\\...')
#13 {main}
CRITICAL - 2023-09-24 10:08:22 --> Cannot add or update a child row: a foreign key constraint fails (`music`.`tbl_playmusic`, CONSTRAINT `fk_music` FOREIGN KEY (`id_ms`) REFERENCES `tbl_music` (`ms_id`) ON DELETE CASCADE)
in SYSTEMPATH\Database\BaseConnection.php on line 646.
 1 SYSTEMPATH\Database\BaseBuilder.php(2308): CodeIgniter\Database\BaseConnection->query('INSERT INTO `tbl_playmusic` (`id_ms`, `id_pl`) VALUES (:id_ms:, :id_pl:)', [...], false)
 2 SYSTEMPATH\Model.php(319): CodeIgniter\Database\BaseBuilder->insert()
 3 SYSTEMPATH\BaseModel.php(788): CodeIgniter\Model->doInsert([...])
 4 SYSTEMPATH\Model.php(715): CodeIgniter\BaseModel->insert([...], true)
 5 APPPATH\Controllers\MusicController.php(127): CodeIgniter\Model->insert([...])
 6 SYSTEMPATH\CodeIgniter.php(919): App\Controllers\MusicController->addToPlaylist()
 7 SYSTEMPATH\CodeIgniter.php(494): CodeIgniter\CodeIgniter->runController(Object(App\Controllers\MusicController))
 8 SYSTEMPATH\CodeIgniter.php(353): CodeIgniter\CodeIgniter->handleRequest(null, Object(Config\Cache), false)
 9 FCPATH\index.php(79): CodeIgniter\CodeIgniter->run()
10 SYSTEMPATH\Commands\Server\rewrite.php(47): require_once('C:\\laragon\\www\\musicPlayer\\public\\index.php')
ERROR - 2023-09-24 10:09:53 --> mysqli_sql_exception: Cannot add or update a child row: a foreign key constraint fails (`music`.`tbl_playmusic`, CONSTRAINT `fk_music` FOREIGN KEY (`id_ms`) REFERENCES `tbl_music` (`ms_id`) ON DELETE CASCADE) in C:\laragon\www\musicPlayer\system\Database\MySQLi\Connection.php:306
Stack trace:
#0 C:\laragon\www\musicPlayer\system\Database\MySQLi\Connection.php(306): mysqli->query('INSERT INTO `tb...', 0)
#1 C:\laragon\www\musicPlayer\system\Database\BaseConnection.php(692): CodeIgniter\Database\MySQLi\Connection->execute('INSERT INTO `tb...')
#2 C:\laragon\www\musicPlayer\system\Database\BaseConnection.php(606): CodeIgniter\Database\BaseConnection->simpleQuery('INSERT INTO `tb...')
#3 C:\laragon\www\musicPlayer\system\Database\BaseBuilder.php(2308): CodeIgniter\Database\BaseConnection->query('INSERT INTO `tb...', Array, false)
#4 C:\laragon\www\musicPlayer\system\Model.php(319): CodeIgniter\Database\BaseBuilder->insert()
#5 C:\laragon\www\musicPlayer\system\BaseModel.php(788): CodeIgniter\Model->doInsert(Array)
#6 C:\laragon\www\musicPlayer\system\Model.php(715): CodeIgniter\BaseModel->insert(Array, true)
#7 C:\laragon\www\musicPlayer\app\Controllers\MusicController.php(128): CodeIgniter\Model->insert(Array)
#8 C:\laragon\www\musicPlayer\system\CodeIgniter.php(919): App\Controllers\MusicController->addToPlaylist()
#9 C:\laragon\www\musicPlayer\system\CodeIgniter.php(494): CodeIgniter\CodeIgniter->runController(Object(App\Controllers\MusicController))
#10 C:\laragon\www\musicPlayer\system\CodeIgniter.php(353): CodeIgniter\CodeIgniter->handleRequest(NULL, Object(Config\Cache), false)
#11 C:\laragon\www\musicPlayer\public\index.php(79): CodeIgniter\CodeIgniter->run()
#12 C:\laragon\www\musicPlayer\system\Commands\Server\rewrite.php(47): require_once('C:\\laragon\\www\\...')
#13 {main}
CRITICAL - 2023-09-24 10:09:53 --> Cannot add or update a child row: a foreign key constraint fails (`music`.`tbl_playmusic`, CONSTRAINT `fk_music` FOREIGN KEY (`id_ms`) REFERENCES `tbl_music` (`ms_id`) ON DELETE CASCADE)
in SYSTEMPATH\Database\BaseConnection.php on line 646.
 1 SYSTEMPATH\Database\BaseBuilder.php(2308): CodeIgniter\Database\BaseConnection->query('INSERT INTO `tbl_playmusic` (`id_ms`, `id_pl`) VALUES (:id_ms:, :id_pl:)', [...], false)
 2 SYSTEMPATH\Model.php(319): CodeIgniter\Database\BaseBuilder->insert()
 3 SYSTEMPATH\BaseModel.php(788): CodeIgniter\Model->doInsert([...])
 4 SYSTEMPATH\Model.php(715): CodeIgniter\BaseModel->insert([...], true)
 5 APPPATH\Controllers\MusicController.php(128): CodeIgniter\Model->insert([...])
 6 SYSTEMPATH\CodeIgniter.php(919): App\Controllers\MusicController->addToPlaylist()
 7 SYSTEMPATH\CodeIgniter.php(494): CodeIgniter\CodeIgniter->runController(Object(App\Controllers\MusicController))
 8 SYSTEMPATH\CodeIgniter.php(353): CodeIgniter\CodeIgniter->handleRequest(null, Object(Config\Cache), false)
 9 FCPATH\index.php(79): CodeIgniter\CodeIgniter->run()
10 SYSTEMPATH\Commands\Server\rewrite.php(47): require_once('C:\\laragon\\www\\musicPlayer\\public\\index.php')
ERROR - 2023-09-24 10:13:52 --> mysqli_sql_exception: Cannot add or update a child row: a foreign key constraint fails (`music`.`tbl_playmusic`, CONSTRAINT `fk_music` FOREIGN KEY (`id_ms`) REFERENCES `tbl_music` (`ms_id`) ON DELETE CASCADE) in C:\laragon\www\musicPlayer\system\Database\MySQLi\Connection.php:306
Stack trace:
#0 C:\laragon\www\musicPlayer\system\Database\MySQLi\Connection.php(306): mysqli->query('INSERT INTO `tb...', 0)
#1 C:\laragon\www\musicPlayer\system\Database\BaseConnection.php(692): CodeIgniter\Database\MySQLi\Connection->execute('INSERT INTO `tb...')
#2 C:\laragon\www\musicPlayer\system\Database\BaseConnection.php(606): CodeIgniter\Database\BaseConnection->simpleQuery('INSERT INTO `tb...')
#3 C:\laragon\www\musicPlayer\system\Database\BaseBuilder.php(2308): CodeIgniter\Database\BaseConnection->query('INSERT INTO `tb...', Array, false)
#4 C:\laragon\www\musicPlayer\system\Model.php(319): CodeIgniter\Database\BaseBuilder->insert()
#5 C:\laragon\www\musicPlayer\system\BaseModel.php(788): CodeIgniter\Model->doInsert(Array)
#6 C:\laragon\www\musicPlayer\system\Model.php(715): CodeIgniter\BaseModel->insert(Array, true)
#7 C:\laragon\www\musicPlayer\app\Controllers\MusicController.php(128): CodeIgniter\Model->insert(Array)
#8 C:\laragon\www\musicPlayer\system\CodeIgniter.php(919): App\Controllers\MusicController->addToPlaylist()
#9 C:\laragon\www\musicPlayer\system\CodeIgniter.php(494): CodeIgniter\CodeIgniter->runController(Object(App\Controllers\MusicController))
#10 C:\laragon\www\musicPlayer\system\CodeIgniter.php(353): CodeIgniter\CodeIgniter->handleRequest(NULL, Object(Config\Cache), false)
#11 C:\laragon\www\musicPlayer\public\index.php(79): CodeIgniter\CodeIgniter->run()
#12 C:\laragon\www\musicPlayer\system\Commands\Server\rewrite.php(47): require_once('C:\\laragon\\www\\...')
#13 {main}
CRITICAL - 2023-09-24 10:13:52 --> Cannot add or update a child row: a foreign key constraint fails (`music`.`tbl_playmusic`, CONSTRAINT `fk_music` FOREIGN KEY (`id_ms`) REFERENCES `tbl_music` (`ms_id`) ON DELETE CASCADE)
in SYSTEMPATH\Database\BaseConnection.php on line 646.
 1 SYSTEMPATH\Database\BaseBuilder.php(2308): CodeIgniter\Database\BaseConnection->query('INSERT INTO `tbl_playmusic` (`id_ms`, `id_pl`) VALUES (:id_ms:, :id_pl:)', [...], false)
 2 SYSTEMPATH\Model.php(319): CodeIgniter\Database\BaseBuilder->insert()
 3 SYSTEMPATH\BaseModel.php(788): CodeIgniter\Model->doInsert([...])
 4 SYSTEMPATH\Model.php(715): CodeIgniter\BaseModel->insert([...], true)
 5 APPPATH\Controllers\MusicController.php(128): CodeIgniter\Model->insert([...])
 6 SYSTEMPATH\CodeIgniter.php(919): App\Controllers\MusicController->addToPlaylist()
 7 SYSTEMPATH\CodeIgniter.php(494): CodeIgniter\CodeIgniter->runController(Object(App\Controllers\MusicController))
 8 SYSTEMPATH\CodeIgniter.php(353): CodeIgniter\CodeIgniter->handleRequest(null, Object(Config\Cache), false)
 9 FCPATH\index.php(79): CodeIgniter\CodeIgniter->run()
10 SYSTEMPATH\Commands\Server\rewrite.php(47): require_once('C:\\laragon\\www\\musicPlayer\\public\\index.php')
CRITICAL - 2023-09-24 10:16:36 --> Trying to access array offset on value of type null
in APPPATH\Controllers\MusicController.php on line 125.
 1 APPPATH\Controllers\MusicController.php(125): CodeIgniter\Debug\Exceptions->errorHandler(2, 'Trying to access array offset on value of type null', 'C:\\laragon\\www\\musicPlayer\\app\\Controllers\\MusicController.php', 125)
 2 SYSTEMPATH\CodeIgniter.php(919): App\Controllers\MusicController->addToPlaylist()
 3 SYSTEMPATH\CodeIgniter.php(494): CodeIgniter\CodeIgniter->runController(Object(App\Controllers\MusicController))
 4 SYSTEMPATH\CodeIgniter.php(353): CodeIgniter\CodeIgniter->handleRequest(null, Object(Config\Cache), false)
 5 FCPATH\index.php(79): CodeIgniter\CodeIgniter->run()
 6 SYSTEMPATH\Commands\Server\rewrite.php(47): require_once('C:\\laragon\\www\\musicPlayer\\public\\index.php')
CRITICAL - 2023-09-24 10:16:47 --> Trying to access array offset on value of type null
in APPPATH\Controllers\MusicController.php on line 125.
 1 APPPATH\Controllers\MusicController.php(125): CodeIgniter\Debug\Exceptions->errorHandler(2, 'Trying to access array offset on value of type null', 'C:\\laragon\\www\\musicPlayer\\app\\Controllers\\MusicController.php', 125)
 2 SYSTEMPATH\CodeIgniter.php(919): App\Controllers\MusicController->addToPlaylist()
 3 SYSTEMPATH\CodeIgniter.php(494): CodeIgniter\CodeIgniter->runController(Object(App\Controllers\MusicController))
 4 SYSTEMPATH\CodeIgniter.php(353): CodeIgniter\CodeIgniter->handleRequest(null, Object(Config\Cache), false)
 5 FCPATH\index.php(79): CodeIgniter\CodeIgniter->run()
 6 SYSTEMPATH\Commands\Server\rewrite.php(47): require_once('C:\\laragon\\www\\musicPlayer\\public\\index.php')
CRITICAL - 2023-09-24 10:27:11 --> Trying to access array offset on value of type null
in APPPATH\Controllers\MusicController.php on line 128.
 1 APPPATH\Controllers\MusicController.php(128): CodeIgniter\Debug\Exceptions->errorHandler(2, 'Trying to access array offset on value of type null', 'C:\\laragon\\www\\musicPlayer\\app\\Controllers\\MusicController.php', 128)
 2 SYSTEMPATH\CodeIgniter.php(919): App\Controllers\MusicController->addToPlaylist()
 3 SYSTEMPATH\CodeIgniter.php(494): CodeIgniter\CodeIgniter->runController(Object(App\Controllers\MusicController))
 4 SYSTEMPATH\CodeIgniter.php(353): CodeIgniter\CodeIgniter->handleRequest(null, Object(Config\Cache), false)
 5 FCPATH\index.php(79): CodeIgniter\CodeIgniter->run()
 6 SYSTEMPATH\Commands\Server\rewrite.php(47): require_once('C:\\laragon\\www\\musicPlayer\\public\\index.php')
CRITICAL - 2023-09-24 10:30:39 --> Trying to access array offset on value of type null
in APPPATH\Controllers\MusicController.php on line 122.
 1 APPPATH\Controllers\MusicController.php(122): CodeIgniter\Debug\Exceptions->errorHandler(2, 'Trying to access array offset on value of type null', 'C:\\laragon\\www\\musicPlayer\\app\\Controllers\\MusicController.php', 122)
 2 SYSTEMPATH\CodeIgniter.php(919): App\Controllers\MusicController->addToPlaylist()
 3 SYSTEMPATH\CodeIgniter.php(494): CodeIgniter\CodeIgniter->runController(Object(App\Controllers\MusicController))
 4 SYSTEMPATH\CodeIgniter.php(353): CodeIgniter\CodeIgniter->handleRequest(null, Object(Config\Cache), false)
 5 FCPATH\index.php(79): CodeIgniter\CodeIgniter->run()
 6 SYSTEMPATH\Commands\Server\rewrite.php(47): require_once('C:\\laragon\\www\\musicPlayer\\public\\index.php')
CRITICAL - 2023-09-24 10:30:50 --> Trying to access array offset on value of type null
in APPPATH\Controllers\MusicController.php on line 122.
 1 APPPATH\Controllers\MusicController.php(122): CodeIgniter\Debug\Exceptions->errorHandler(2, 'Trying to access array offset on value of type null', 'C:\\laragon\\www\\musicPlayer\\app\\Controllers\\MusicController.php', 122)
 2 SYSTEMPATH\CodeIgniter.php(919): App\Controllers\MusicController->addToPlaylist()
 3 SYSTEMPATH\CodeIgniter.php(494): CodeIgniter\CodeIgniter->runController(Object(App\Controllers\MusicController))
 4 SYSTEMPATH\CodeIgniter.php(353): CodeIgniter\CodeIgniter->handleRequest(null, Object(Config\Cache), false)
 5 FCPATH\index.php(79): CodeIgniter\CodeIgniter->run()
 6 SYSTEMPATH\Commands\Server\rewrite.php(47): require_once('C:\\laragon\\www\\musicPlayer\\public\\index.php')
CRITICAL - 2023-09-24 10:31:02 --> Trying to access array offset on value of type null
in APPPATH\Controllers\MusicController.php on line 122.
 1 APPPATH\Controllers\MusicController.php(122): CodeIgniter\Debug\Exceptions->errorHandler(2, 'Trying to access array offset on value of type null', 'C:\\laragon\\www\\musicPlayer\\app\\Controllers\\MusicController.php', 122)
 2 SYSTEMPATH\CodeIgniter.php(919): App\Controllers\MusicController->addToPlaylist()
 3 SYSTEMPATH\CodeIgniter.php(494): CodeIgniter\CodeIgniter->runController(Object(App\Controllers\MusicController))
 4 SYSTEMPATH\CodeIgniter.php(353): CodeIgniter\CodeIgniter->handleRequest(null, Object(Config\Cache), false)
 5 FCPATH\index.php(79): CodeIgniter\CodeIgniter->run()
 6 SYSTEMPATH\Commands\Server\rewrite.php(47): require_once('C:\\laragon\\www\\musicPlayer\\public\\index.php')
CRITICAL - 2023-09-24 10:32:40 --> Trying to access array offset on value of type null
in APPPATH\Controllers\MusicController.php on line 122.
 1 APPPATH\Controllers\MusicController.php(122): CodeIgniter\Debug\Exceptions->errorHandler(2, 'Trying to access array offset on value of type null', 'C:\\laragon\\www\\musicPlayer\\app\\Controllers\\MusicController.php', 122)
 2 SYSTEMPATH\CodeIgniter.php(919): App\Controllers\MusicController->addToPlaylist()
 3 SYSTEMPATH\CodeIgniter.php(494): CodeIgniter\CodeIgniter->runController(Object(App\Controllers\MusicController))
 4 SYSTEMPATH\CodeIgniter.php(353): CodeIgniter\CodeIgniter->handleRequest(null, Object(Config\Cache), false)
 5 FCPATH\index.php(79): CodeIgniter\CodeIgniter->run()
 6 SYSTEMPATH\Commands\Server\rewrite.php(47): require_once('C:\\laragon\\www\\musicPlayer\\public\\index.php')
ERROR - 2023-09-24 10:34:23 --> mysqli_sql_exception: Operand should contain 1 column(s) in C:\laragon\www\musicPlayer\system\Database\MySQLi\Connection.php:306
Stack trace:
#0 C:\laragon\www\musicPlayer\system\Database\MySQLi\Connection.php(306): mysqli->query('INSERT INTO `tb...', 0)
#1 C:\laragon\www\musicPlayer\system\Database\BaseConnection.php(692): CodeIgniter\Database\MySQLi\Connection->execute('INSERT INTO `tb...')
#2 C:\laragon\www\musicPlayer\system\Database\BaseConnection.php(606): CodeIgniter\Database\BaseConnection->simpleQuery('INSERT INTO `tb...')
#3 C:\laragon\www\musicPlayer\system\Database\BaseBuilder.php(2308): CodeIgniter\Database\BaseConnection->query('INSERT INTO `tb...', Array, false)
#4 C:\laragon\www\musicPlayer\system\Model.php(319): CodeIgniter\Database\BaseBuilder->insert()
#5 C:\laragon\www\musicPlayer\system\BaseModel.php(788): CodeIgniter\Model->doInsert(Array)
#6 C:\laragon\www\musicPlayer\system\Model.php(715): CodeIgniter\BaseModel->insert(Array, true)
#7 C:\laragon\www\musicPlayer\app\Controllers\MusicController.php(132): CodeIgniter\Model->insert(Array)
#8 C:\laragon\www\musicPlayer\system\CodeIgniter.php(919): App\Controllers\MusicController->addToPlaylist()
#9 C:\laragon\www\musicPlayer\system\CodeIgniter.php(494): CodeIgniter\CodeIgniter->runController(Object(App\Controllers\MusicController))
#10 C:\laragon\www\musicPlayer\system\CodeIgniter.php(353): CodeIgniter\CodeIgniter->handleRequest(NULL, Object(Config\Cache), false)
#11 C:\laragon\www\musicPlayer\public\index.php(79): CodeIgniter\CodeIgniter->run()
#12 C:\laragon\www\musicPlayer\system\Commands\Server\rewrite.php(47): require_once('C:\\laragon\\www\\...')
#13 {main}
CRITICAL - 2023-09-24 10:34:23 --> Operand should contain 1 column(s)
in SYSTEMPATH\Database\BaseConnection.php on line 646.
 1 SYSTEMPATH\Database\BaseBuilder.php(2308): CodeIgniter\Database\BaseConnection->query('INSERT INTO `tbl_playmusic` (`id_ms`, `id_pl`) VALUES (:id_ms:, :id_pl:)', [...], false)
 2 SYSTEMPATH\Model.php(319): CodeIgniter\Database\BaseBuilder->insert()
 3 SYSTEMPATH\BaseModel.php(788): CodeIgniter\Model->doInsert([...])
 4 SYSTEMPATH\Model.php(715): CodeIgniter\BaseModel->insert([...], true)
 5 APPPATH\Controllers\MusicController.php(132): CodeIgniter\Model->insert([...])
 6 SYSTEMPATH\CodeIgniter.php(919): App\Controllers\MusicController->addToPlaylist()
 7 SYSTEMPATH\CodeIgniter.php(494): CodeIgniter\CodeIgniter->runController(Object(App\Controllers\MusicController))
 8 SYSTEMPATH\CodeIgniter.php(353): CodeIgniter\CodeIgniter->handleRequest(null, Object(Config\Cache), false)
 9 FCPATH\index.php(79): CodeIgniter\CodeIgniter->run()
10 SYSTEMPATH\Commands\Server\rewrite.php(47): require_once('C:\\laragon\\www\\musicPlayer\\public\\index.php')
ERROR - 2023-09-24 10:34:35 --> mysqli_sql_exception: Operand should contain 1 column(s) in C:\laragon\www\musicPlayer\system\Database\MySQLi\Connection.php:306
Stack trace:
#0 C:\laragon\www\musicPlayer\system\Database\MySQLi\Connection.php(306): mysqli->query('INSERT INTO `tb...', 0)
#1 C:\laragon\www\musicPlayer\system\Database\BaseConnection.php(692): CodeIgniter\Database\MySQLi\Connection->execute('INSERT INTO `tb...')
#2 C:\laragon\www\musicPlayer\system\Database\BaseConnection.php(606): CodeIgniter\Database\BaseConnection->simpleQuery('INSERT INTO `tb...')
#3 C:\laragon\www\musicPlayer\system\Database\BaseBuilder.php(2308): CodeIgniter\Database\BaseConnection->query('INSERT INTO `tb...', Array, false)
#4 C:\laragon\www\musicPlayer\system\Model.php(319): CodeIgniter\Database\BaseBuilder->insert()
#5 C:\laragon\www\musicPlayer\system\BaseModel.php(788): CodeIgniter\Model->doInsert(Array)
#6 C:\laragon\www\musicPlayer\system\Model.php(715): CodeIgniter\BaseModel->insert(Array, true)
#7 C:\laragon\www\musicPlayer\app\Controllers\MusicController.php(132): CodeIgniter\Model->insert(Array)
#8 C:\laragon\www\musicPlayer\system\CodeIgniter.php(919): App\Controllers\MusicController->addToPlaylist()
#9 C:\laragon\www\musicPlayer\system\CodeIgniter.php(494): CodeIgniter\CodeIgniter->runController(Object(App\Controllers\MusicController))
#10 C:\laragon\www\musicPlayer\system\CodeIgniter.php(353): CodeIgniter\CodeIgniter->handleRequest(NULL, Object(Config\Cache), false)
#11 C:\laragon\www\musicPlayer\public\index.php(79): CodeIgniter\CodeIgniter->run()
#12 C:\laragon\www\musicPlayer\system\Commands\Server\rewrite.php(47): require_once('C:\\laragon\\www\\...')
#13 {main}
CRITICAL - 2023-09-24 10:34:35 --> Operand should contain 1 column(s)
in SYSTEMPATH\Database\BaseConnection.php on line 646.
 1 SYSTEMPATH\Database\BaseBuilder.php(2308): CodeIgniter\Database\BaseConnection->query('INSERT INTO `tbl_playmusic` (`id_ms`, `id_pl`) VALUES (:id_ms:, :id_pl:)', [...], false)
 2 SYSTEMPATH\Model.php(319): CodeIgniter\Database\BaseBuilder->insert()
 3 SYSTEMPATH\BaseModel.php(788): CodeIgniter\Model->doInsert([...])
 4 SYSTEMPATH\Model.php(715): CodeIgniter\BaseModel->insert([...], true)
 5 APPPATH\Controllers\MusicController.php(132): CodeIgniter\Model->insert([...])
 6 SYSTEMPATH\CodeIgniter.php(919): App\Controllers\MusicController->addToPlaylist()
 7 SYSTEMPATH\CodeIgniter.php(494): CodeIgniter\CodeIgniter->runController(Object(App\Controllers\MusicController))
 8 SYSTEMPATH\CodeIgniter.php(353): CodeIgniter\CodeIgniter->handleRequest(null, Object(Config\Cache), false)
 9 FCPATH\index.php(79): CodeIgniter\CodeIgniter->run()
10 SYSTEMPATH\Commands\Server\rewrite.php(47): require_once('C:\\laragon\\www\\musicPlayer\\public\\index.php')
CRITICAL - 2023-09-24 11:39:27 --> Call to undefined method App\Models\MusicModel::searchSongs
in SYSTEMPATH\Model.php on line 873.
 1 APPPATH\Controllers\MusicController.php(165): CodeIgniter\Model->__call('searchSongs', [...])
 2 SYSTEMPATH\CodeIgniter.php(919): App\Controllers\MusicController->search()
 3 SYSTEMPATH\CodeIgniter.php(494): CodeIgniter\CodeIgniter->runController(Object(App\Controllers\MusicController))
 4 SYSTEMPATH\CodeIgniter.php(353): CodeIgniter\CodeIgniter->handleRequest(null, Object(Config\Cache), false)
 5 FCPATH\index.php(79): CodeIgniter\CodeIgniter->run()
 6 SYSTEMPATH\Commands\Server\rewrite.php(47): require_once('C:\\laragon\\www\\musicPlayer\\public\\index.php')
CRITICAL - 2023-09-24 11:39:43 --> Call to undefined method App\Models\MusicModel::searchSongs
in SYSTEMPATH\Model.php on line 873.
 1 APPPATH\Controllers\MusicController.php(165): CodeIgniter\Model->__call('searchSongs', [...])
 2 SYSTEMPATH\CodeIgniter.php(919): App\Controllers\MusicController->search()
 3 SYSTEMPATH\CodeIgniter.php(494): CodeIgniter\CodeIgniter->runController(Object(App\Controllers\MusicController))
 4 SYSTEMPATH\CodeIgniter.php(353): CodeIgniter\CodeIgniter->handleRequest(null, Object(Config\Cache), false)
 5 FCPATH\index.php(79): CodeIgniter\CodeIgniter->run()
 6 SYSTEMPATH\Commands\Server\rewrite.php(47): require_once('C:\\laragon\\www\\musicPlayer\\public\\index.php')
CRITICAL - 2023-09-24 11:40:24 --> Call to undefined method App\Models\MusicModel::searchSongs
in SYSTEMPATH\Model.php on line 873.
 1 APPPATH\Controllers\MusicController.php(165): CodeIgniter\Model->__call('searchSongs', [...])
 2 SYSTEMPATH\CodeIgniter.php(919): App\Controllers\MusicController->search()
 3 SYSTEMPATH\CodeIgniter.php(494): CodeIgniter\CodeIgniter->runController(Object(App\Controllers\MusicController))
 4 SYSTEMPATH\CodeIgniter.php(353): CodeIgniter\CodeIgniter->handleRequest(null, Object(Config\Cache), false)
 5 FCPATH\index.php(79): CodeIgniter\CodeIgniter->run()
 6 SYSTEMPATH\Commands\Server\rewrite.php(47): require_once('C:\\laragon\\www\\musicPlayer\\public\\index.php')
CRITICAL - 2023-09-24 11:41:43 --> Call to undefined method App\Models\MusicModel::searchSongs
in SYSTEMPATH\Model.php on line 873.
 1 APPPATH\Controllers\MusicController.php(165): CodeIgniter\Model->__call('searchSongs', [...])
 2 SYSTEMPATH\CodeIgniter.php(919): App\Controllers\MusicController->search()
 3 SYSTEMPATH\CodeIgniter.php(494): CodeIgniter\CodeIgniter->runController(Object(App\Controllers\MusicController))
 4 SYSTEMPATH\CodeIgniter.php(353): CodeIgniter\CodeIgniter->handleRequest(null, Object(Config\Cache), false)
 5 FCPATH\index.php(79): CodeIgniter\CodeIgniter->run()
 6 SYSTEMPATH\Commands\Server\rewrite.php(47): require_once('C:\\laragon\\www\\musicPlayer\\public\\index.php')
CRITICAL - 2023-09-24 11:44:02 --> Undefined variable $playlists
in APPPATH\Views\modals\playlist.php on line 13.
 1 APPPATH\Views\modals\playlist.php(13): CodeIgniter\Debug\Exceptions->errorHandler(2, 'Undefined variable $playlists', 'C:\\laragon\\www\\musicPlayer\\app\\Views\\modals\\playlist.php', 13)
 2 SYSTEMPATH\View\View.php(226): include('C:\\laragon\\www\\musicPlayer\\app\\Views\\modals\\playlist.php')
 3 SYSTEMPATH\View\View.php(229): CodeIgniter\View\View->CodeIgniter\View\{closure}()
 4 SYSTEMPATH\View\View.php(467): CodeIgniter\View\View->render('modals/playlist', null, true)
 5 APPPATH\Views\index.php(14): CodeIgniter\View\View->include('modals/playlist')
 6 SYSTEMPATH\View\View.php(226): include('C:\\laragon\\www\\musicPlayer\\app\\Views\\index.php')
 7 SYSTEMPATH\View\View.php(229): CodeIgniter\View\View->CodeIgniter\View\{closure}()
 8 SYSTEMPATH\Common.php(1188): CodeIgniter\View\View->render('index', [], true)
 9 APPPATH\Controllers\MusicController.php(171): view('index', [...])
10 SYSTEMPATH\CodeIgniter.php(919): App\Controllers\MusicController->search()
11 SYSTEMPATH\CodeIgniter.php(494): CodeIgniter\CodeIgniter->runController(Object(App\Controllers\MusicController))
12 SYSTEMPATH\CodeIgniter.php(353): CodeIgniter\CodeIgniter->handleRequest(null, Object(Config\Cache), false)
13 FCPATH\index.php(79): CodeIgniter\CodeIgniter->run()
14 SYSTEMPATH\Commands\Server\rewrite.php(47): require_once('C:\\laragon\\www\\musicPlayer\\public\\index.php')
CRITICAL - 2023-09-24 11:44:15 --> Undefined variable $playlists
in APPPATH\Views\modals\playlist.php on line 13.
 1 APPPATH\Views\modals\playlist.php(13): CodeIgniter\Debug\Exceptions->errorHandler(2, 'Undefined variable $playlists', 'C:\\laragon\\www\\musicPlayer\\app\\Views\\modals\\playlist.php', 13)
 2 SYSTEMPATH\View\View.php(226): include('C:\\laragon\\www\\musicPlayer\\app\\Views\\modals\\playlist.php')
 3 SYSTEMPATH\View\View.php(229): CodeIgniter\View\View->CodeIgniter\View\{closure}()
 4 SYSTEMPATH\View\View.php(467): CodeIgniter\View\View->render('modals/playlist', null, true)
 5 APPPATH\Views\index.php(14): CodeIgniter\View\View->include('modals/playlist')
 6 SYSTEMPATH\View\View.php(226): include('C:\\laragon\\www\\musicPlayer\\app\\Views\\index.php')
 7 SYSTEMPATH\View\View.php(229): CodeIgniter\View\View->CodeIgniter\View\{closure}()
 8 SYSTEMPATH\Common.php(1188): CodeIgniter\View\View->render('index', [], true)
 9 APPPATH\Controllers\MusicController.php(171): view('index', [...])
10 SYSTEMPATH\CodeIgniter.php(919): App\Controllers\MusicController->search()
11 SYSTEMPATH\CodeIgniter.php(494): CodeIgniter\CodeIgniter->runController(Object(App\Controllers\MusicController))
12 SYSTEMPATH\CodeIgniter.php(353): CodeIgniter\CodeIgniter->handleRequest(null, Object(Config\Cache), false)
13 FCPATH\index.php(79): CodeIgniter\CodeIgniter->run()
14 SYSTEMPATH\Commands\Server\rewrite.php(47): require_once('C:\\laragon\\www\\musicPlayer\\public\\index.php')
CRITICAL - 2023-09-24 12:08:34 --> Call to undefined method App\Models\MusicModel::getSongsInPlaylist
in SYSTEMPATH\Model.php on line 873.
 1 APPPATH\Controllers\MusicController.php(183): CodeIgniter\Model->__call('getSongsInPlaylist', [...])
 2 SYSTEMPATH\CodeIgniter.php(919): App\Controllers\MusicController->playlist('Church')
 3 SYSTEMPATH\CodeIgniter.php(494): CodeIgniter\CodeIgniter->runController(Object(App\Controllers\MusicController))
 4 SYSTEMPATH\CodeIgniter.php(353): CodeIgniter\CodeIgniter->handleRequest(null, Object(Config\Cache), false)
 5 FCPATH\index.php(79): CodeIgniter\CodeIgniter->run()
 6 SYSTEMPATH\Commands\Server\rewrite.php(47): require_once('C:\\laragon\\www\\musicPlayer\\public\\index.php')
CRITICAL - 2023-09-24 12:08:44 --> Call to undefined method App\Models\MusicModel::getSongsInPlaylist
in SYSTEMPATH\Model.php on line 873.
 1 APPPATH\Controllers\MusicController.php(183): CodeIgniter\Model->__call('getSongsInPlaylist', [...])
 2 SYSTEMPATH\CodeIgniter.php(919): App\Controllers\MusicController->playlist('Church')
 3 SYSTEMPATH\CodeIgniter.php(494): CodeIgniter\CodeIgniter->runController(Object(App\Controllers\MusicController))
 4 SYSTEMPATH\CodeIgniter.php(353): CodeIgniter\CodeIgniter->handleRequest(null, Object(Config\Cache), false)
 5 FCPATH\index.php(79): CodeIgniter\CodeIgniter->run()
 6 SYSTEMPATH\Commands\Server\rewrite.php(47): require_once('C:\\laragon\\www\\musicPlayer\\public\\index.php')
CRITICAL - 2023-09-24 12:09:29 --> Call to undefined method App\Models\MusicModel::getSongsInPlaylist
in SYSTEMPATH\Model.php on line 873.
 1 APPPATH\Controllers\MusicController.php(183): CodeIgniter\Model->__call('getSongsInPlaylist', [...])
 2 SYSTEMPATH\CodeIgniter.php(919): App\Controllers\MusicController->playlist('Church')
 3 SYSTEMPATH\CodeIgniter.php(494): CodeIgniter\CodeIgniter->runController(Object(App\Controllers\MusicController))
 4 SYSTEMPATH\CodeIgniter.php(353): CodeIgniter\CodeIgniter->handleRequest(null, Object(Config\Cache), false)
 5 FCPATH\index.php(79): CodeIgniter\CodeIgniter->run()
 6 SYSTEMPATH\Commands\Server\rewrite.php(47): require_once('C:\\laragon\\www\\musicPlayer\\public\\index.php')
CRITICAL - 2023-09-24 12:11:29 --> Call to undefined method CodeIgniter\Database\MySQLi\Connection::select()
in APPPATH\Models\MusicModel.php on line 34.
 1 APPPATH\Controllers\MusicController.php(183): App\Models\MusicModel->getSongsInPlaylist('Church')
 2 SYSTEMPATH\CodeIgniter.php(919): App\Controllers\MusicController->playlist('Church')
 3 SYSTEMPATH\CodeIgniter.php(494): CodeIgniter\CodeIgniter->runController(Object(App\Controllers\MusicController))
 4 SYSTEMPATH\CodeIgniter.php(353): CodeIgniter\CodeIgniter->handleRequest(null, Object(Config\Cache), false)
 5 FCPATH\index.php(79): CodeIgniter\CodeIgniter->run()
 6 SYSTEMPATH\Commands\Server\rewrite.php(47): require_once('C:\\laragon\\www\\musicPlayer\\public\\index.php')
CRITICAL - 2023-09-24 12:14:19 --> Unmatched '}'
in APPPATH\Controllers\MusicController.php on line 221.
 1 SYSTEMPATH\Autoloader\Autoloader.php(285): CodeIgniter\Autoloader\Autoloader->includeFile('C:\\laragon\\www\\musicPlayer\\app\\Controllers\\MusicController.php')
 2 SYSTEMPATH\Autoloader\Autoloader.php(263): CodeIgniter\Autoloader\Autoloader->loadInNamespace('App\\Controllers\\MusicController')
 3 [internal function]: CodeIgniter\Autoloader\Autoloader->loadClass('App\\Controllers\\MusicController')
 4 SYSTEMPATH\CodeIgniter.php(877): class_exists('\\App\\Controllers\\MusicController', true)
 5 SYSTEMPATH\CodeIgniter.php(481): CodeIgniter\CodeIgniter->startController()
 6 SYSTEMPATH\CodeIgniter.php(353): CodeIgniter\CodeIgniter->handleRequest(null, Object(Config\Cache), false)
 7 FCPATH\index.php(79): CodeIgniter\CodeIgniter->run()
 8 SYSTEMPATH\Commands\Server\rewrite.php(47): require_once('C:\\laragon\\www\\musicPlayer\\public\\index.php')
CRITICAL - 2023-09-24 12:14:34 --> Class "App\Controllers\MusicModel" not found
in APPPATH\Controllers\MusicController.php on line 182.
 1 SYSTEMPATH\CodeIgniter.php(919): App\Controllers\MusicController->playlist('IVOS')
 2 SYSTEMPATH\CodeIgniter.php(494): CodeIgniter\CodeIgniter->runController(Object(App\Controllers\MusicController))
 3 SYSTEMPATH\CodeIgniter.php(353): CodeIgniter\CodeIgniter->handleRequest(null, Object(Config\Cache), false)
 4 FCPATH\index.php(79): CodeIgniter\CodeIgniter->run()
 5 SYSTEMPATH\Commands\Server\rewrite.php(47): require_once('C:\\laragon\\www\\musicPlayer\\public\\index.php')
CRITICAL - 2023-09-24 12:15:58 --> Undefined variable $playlists
in APPPATH\Views\modals\playlist.php on line 13.
 1 APPPATH\Views\modals\playlist.php(13): CodeIgniter\Debug\Exceptions->errorHandler(2, 'Undefined variable $playlists', 'C:\\laragon\\www\\musicPlayer\\app\\Views\\modals\\playlist.php', 13)
 2 SYSTEMPATH\View\View.php(226): include('C:\\laragon\\www\\musicPlayer\\app\\Views\\modals\\playlist.php')
 3 SYSTEMPATH\View\View.php(229): CodeIgniter\View\View->CodeIgniter\View\{closure}()
 4 SYSTEMPATH\View\View.php(467): CodeIgniter\View\View->render('modals/playlist', null, true)
 5 APPPATH\Views\playlist_view.php(14): CodeIgniter\View\View->include('modals/playlist')
 6 SYSTEMPATH\View\View.php(226): include('C:\\laragon\\www\\musicPlayer\\app\\Views\\playlist_view.php')
 7 SYSTEMPATH\View\View.php(229): CodeIgniter\View\View->CodeIgniter\View\{closure}()
 8 SYSTEMPATH\Common.php(1188): CodeIgniter\View\View->render('playlist_view', [], true)
 9 APPPATH\Controllers\MusicController.php(199): view('playlist_view', [...])
10 SYSTEMPATH\CodeIgniter.php(919): App\Controllers\MusicController->playlist('IVOS')
11 SYSTEMPATH\CodeIgniter.php(494): CodeIgniter\CodeIgniter->runController(Object(App\Controllers\MusicController))
12 SYSTEMPATH\CodeIgniter.php(353): CodeIgniter\CodeIgniter->handleRequest(null, Object(Config\Cache), false)
13 FCPATH\index.php(79): CodeIgniter\CodeIgniter->run()
14 SYSTEMPATH\Commands\Server\rewrite.php(47): require_once('C:\\laragon\\www\\musicPlayer\\public\\index.php')
CRITICAL - 2023-09-24 12:17:37 --> Undefined array key "pl_id"
in APPPATH\Controllers\MusicController.php on line 191.
 1 APPPATH\Controllers\MusicController.php(191): CodeIgniter\Debug\Exceptions->errorHandler(2, 'Undefined array key "pl_id"', 'C:\\laragon\\www\\musicPlayer\\app\\Controllers\\MusicController.php', 191)
 2 SYSTEMPATH\CodeIgniter.php(919): App\Controllers\MusicController->playlist('IVOS')
 3 SYSTEMPATH\CodeIgniter.php(494): CodeIgniter\CodeIgniter->runController(Object(App\Controllers\MusicController))
 4 SYSTEMPATH\CodeIgniter.php(353): CodeIgniter\CodeIgniter->handleRequest(null, Object(Config\Cache), false)
 5 FCPATH\index.php(79): CodeIgniter\CodeIgniter->run()
 6 SYSTEMPATH\Commands\Server\rewrite.php(47): require_once('C:\\laragon\\www\\musicPlayer\\public\\index.php')
CRITICAL - 2023-09-24 12:17:55 --> Undefined variable $playlists
in APPPATH\Views\modals\playlist.php on line 13.
 1 APPPATH\Views\modals\playlist.php(13): CodeIgniter\Debug\Exceptions->errorHandler(2, 'Undefined variable $playlists', 'C:\\laragon\\www\\musicPlayer\\app\\Views\\modals\\playlist.php', 13)
 2 SYSTEMPATH\View\View.php(226): include('C:\\laragon\\www\\musicPlayer\\app\\Views\\modals\\playlist.php')
 3 SYSTEMPATH\View\View.php(229): CodeIgniter\View\View->CodeIgniter\View\{closure}()
 4 SYSTEMPATH\View\View.php(467): CodeIgniter\View\View->render('modals/playlist', null, true)
 5 APPPATH\Views\playlist_view.php(14): CodeIgniter\View\View->include('modals/playlist')
 6 SYSTEMPATH\View\View.php(226): include('C:\\laragon\\www\\musicPlayer\\app\\Views\\playlist_view.php')
 7 SYSTEMPATH\View\View.php(229): CodeIgniter\View\View->CodeIgniter\View\{closure}()
 8 SYSTEMPATH\Common.php(1188): CodeIgniter\View\View->render('playlist_view', [], true)
 9 APPPATH\Controllers\MusicController.php(201): view('playlist_view', [...])
10 SYSTEMPATH\CodeIgniter.php(919): App\Controllers\MusicController->playlist('IVOS')
11 SYSTEMPATH\CodeIgniter.php(494): CodeIgniter\CodeIgniter->runController(Object(App\Controllers\MusicController))
12 SYSTEMPATH\CodeIgniter.php(353): CodeIgniter\CodeIgniter->handleRequest(null, Object(Config\Cache), false)
13 FCPATH\index.php(79): CodeIgniter\CodeIgniter->run()
14 SYSTEMPATH\Commands\Server\rewrite.php(47): require_once('C:\\laragon\\www\\musicPlayer\\public\\index.php')
CRITICAL - 2023-09-24 12:18:08 --> Undefined variable $playlists
in APPPATH\Views\modals\playlist.php on line 13.
 1 APPPATH\Views\modals\playlist.php(13): CodeIgniter\Debug\Exceptions->errorHandler(2, 'Undefined variable $playlists', 'C:\\laragon\\www\\musicPlayer\\app\\Views\\modals\\playlist.php', 13)
 2 SYSTEMPATH\View\View.php(226): include('C:\\laragon\\www\\musicPlayer\\app\\Views\\modals\\playlist.php')
 3 SYSTEMPATH\View\View.php(229): CodeIgniter\View\View->CodeIgniter\View\{closure}()
 4 SYSTEMPATH\View\View.php(467): CodeIgniter\View\View->render('modals/playlist', null, true)
 5 APPPATH\Views\playlist_view.php(14): CodeIgniter\View\View->include('modals/playlist')
 6 SYSTEMPATH\View\View.php(226): include('C:\\laragon\\www\\musicPlayer\\app\\Views\\playlist_view.php')
 7 SYSTEMPATH\View\View.php(229): CodeIgniter\View\View->CodeIgniter\View\{closure}()
 8 SYSTEMPATH\Common.php(1188): CodeIgniter\View\View->render('playlist_view', [], true)
 9 APPPATH\Controllers\MusicController.php(201): view('playlist_view', [...])
10 SYSTEMPATH\CodeIgniter.php(919): App\Controllers\MusicController->playlist('IVOS')
11 SYSTEMPATH\CodeIgniter.php(494): CodeIgniter\CodeIgniter->runController(Object(App\Controllers\MusicController))
12 SYSTEMPATH\CodeIgniter.php(353): CodeIgniter\CodeIgniter->handleRequest(null, Object(Config\Cache), false)
13 FCPATH\index.php(79): CodeIgniter\CodeIgniter->run()
14 SYSTEMPATH\Commands\Server\rewrite.php(47): require_once('C:\\laragon\\www\\musicPlayer\\public\\index.php')
CRITICAL - 2023-09-24 12:18:09 --> Undefined variable $playlists
in APPPATH\Views\modals\playlist.php on line 13.
 1 APPPATH\Views\modals\playlist.php(13): CodeIgniter\Debug\Exceptions->errorHandler(2, 'Undefined variable $playlists', 'C:\\laragon\\www\\musicPlayer\\app\\Views\\modals\\playlist.php', 13)
 2 SYSTEMPATH\View\View.php(226): include('C:\\laragon\\www\\musicPlayer\\app\\Views\\modals\\playlist.php')
 3 SYSTEMPATH\View\View.php(229): CodeIgniter\View\View->CodeIgniter\View\{closure}()
 4 SYSTEMPATH\View\View.php(467): CodeIgniter\View\View->render('modals/playlist', null, true)
 5 APPPATH\Views\playlist_view.php(14): CodeIgniter\View\View->include('modals/playlist')
 6 SYSTEMPATH\View\View.php(226): include('C:\\laragon\\www\\musicPlayer\\app\\Views\\playlist_view.php')
 7 SYSTEMPATH\View\View.php(229): CodeIgniter\View\View->CodeIgniter\View\{closure}()
 8 SYSTEMPATH\Common.php(1188): CodeIgniter\View\View->render('playlist_view', [], true)
 9 APPPATH\Controllers\MusicController.php(201): view('playlist_view', [...])
10 SYSTEMPATH\CodeIgniter.php(919): App\Controllers\MusicController->playlist('IVOS')
11 SYSTEMPATH\CodeIgniter.php(494): CodeIgniter\CodeIgniter->runController(Object(App\Controllers\MusicController))
12 SYSTEMPATH\CodeIgniter.php(353): CodeIgniter\CodeIgniter->handleRequest(null, Object(Config\Cache), false)
13 FCPATH\index.php(79): CodeIgniter\CodeIgniter->run()
14 SYSTEMPATH\Commands\Server\rewrite.php(47): require_once('C:\\laragon\\www\\musicPlayer\\public\\index.php')
CRITICAL - 2023-09-24 12:18:47 --> Undefined variable $playlists
in APPPATH\Views\modals\playlist.php on line 13.
 1 APPPATH\Views\modals\playlist.php(13): CodeIgniter\Debug\Exceptions->errorHandler(2, 'Undefined variable $playlists', 'C:\\laragon\\www\\musicPlayer\\app\\Views\\modals\\playlist.php', 13)
 2 SYSTEMPATH\View\View.php(226): include('C:\\laragon\\www\\musicPlayer\\app\\Views\\modals\\playlist.php')
 3 SYSTEMPATH\View\View.php(229): CodeIgniter\View\View->CodeIgniter\View\{closure}()
 4 SYSTEMPATH\View\View.php(467): CodeIgniter\View\View->render('modals/playlist', null, true)
 5 APPPATH\Views\playlist_view.php(14): CodeIgniter\View\View->include('modals/playlist')
 6 SYSTEMPATH\View\View.php(226): include('C:\\laragon\\www\\musicPlayer\\app\\Views\\playlist_view.php')
 7 SYSTEMPATH\View\View.php(229): CodeIgniter\View\View->CodeIgniter\View\{closure}()
 8 SYSTEMPATH\Common.php(1188): CodeIgniter\View\View->render('playlist_view', [], true)
 9 APPPATH\Controllers\MusicController.php(199): view('playlist_view', [...])
10 SYSTEMPATH\CodeIgniter.php(919): App\Controllers\MusicController->playlist('IVOS')
11 SYSTEMPATH\CodeIgniter.php(494): CodeIgniter\CodeIgniter->runController(Object(App\Controllers\MusicController))
12 SYSTEMPATH\CodeIgniter.php(353): CodeIgniter\CodeIgniter->handleRequest(null, Object(Config\Cache), false)
13 FCPATH\index.php(79): CodeIgniter\CodeIgniter->run()
14 SYSTEMPATH\Commands\Server\rewrite.php(47): require_once('C:\\laragon\\www\\musicPlayer\\public\\index.php')
CRITICAL - 2023-09-24 12:20:43 --> syntax error, unexpected token "public", expecting end of file
in APPPATH\Controllers\MusicController.php on line 60.
 1 SYSTEMPATH\Autoloader\Autoloader.php(285): CodeIgniter\Autoloader\Autoloader->includeFile('C:\\laragon\\www\\musicPlayer\\app\\Controllers\\MusicController.php')
 2 SYSTEMPATH\Autoloader\Autoloader.php(263): CodeIgniter\Autoloader\Autoloader->loadInNamespace('App\\Controllers\\MusicController')
 3 [internal function]: CodeIgniter\Autoloader\Autoloader->loadClass('App\\Controllers\\MusicController')
 4 SYSTEMPATH\CodeIgniter.php(877): class_exists('\\App\\Controllers\\MusicController', true)
 5 SYSTEMPATH\CodeIgniter.php(481): CodeIgniter\CodeIgniter->startController()
 6 SYSTEMPATH\CodeIgniter.php(353): CodeIgniter\CodeIgniter->handleRequest(null, Object(Config\Cache), false)
 7 FCPATH\index.php(79): CodeIgniter\CodeIgniter->run()
 8 SYSTEMPATH\Commands\Server\rewrite.php(47): require_once('C:\\laragon\\www\\musicPlayer\\public\\index.php')
CRITICAL - 2023-09-24 12:20:59 --> Undefined variable $playlists
in APPPATH\Views\modals\playlist.php on line 13.
 1 APPPATH\Views\modals\playlist.php(13): CodeIgniter\Debug\Exceptions->errorHandler(2, 'Undefined variable $playlists', 'C:\\laragon\\www\\musicPlayer\\app\\Views\\modals\\playlist.php', 13)
 2 SYSTEMPATH\View\View.php(226): include('C:\\laragon\\www\\musicPlayer\\app\\Views\\modals\\playlist.php')
 3 SYSTEMPATH\View\View.php(229): CodeIgniter\View\View->CodeIgniter\View\{closure}()
 4 SYSTEMPATH\View\View.php(467): CodeIgniter\View\View->render('modals/playlist', null, true)
 5 APPPATH\Views\playlist_view.php(14): CodeIgniter\View\View->include('modals/playlist')
 6 SYSTEMPATH\View\View.php(226): include('C:\\laragon\\www\\musicPlayer\\app\\Views\\playlist_view.php')
 7 SYSTEMPATH\View\View.php(229): CodeIgniter\View\View->CodeIgniter\View\{closure}()
 8 SYSTEMPATH\Common.php(1188): CodeIgniter\View\View->render('playlist_view', [], true)
 9 APPPATH\Controllers\MusicController.php(53): view('playlist_view', [...])
10 SYSTEMPATH\CodeIgniter.php(919): App\Controllers\MusicController->playlist('Church')
11 SYSTEMPATH\CodeIgniter.php(494): CodeIgniter\CodeIgniter->runController(Object(App\Controllers\MusicController))
12 SYSTEMPATH\CodeIgniter.php(353): CodeIgniter\CodeIgniter->handleRequest(null, Object(Config\Cache), false)
13 FCPATH\index.php(79): CodeIgniter\CodeIgniter->run()
14 SYSTEMPATH\Commands\Server\rewrite.php(47): require_once('C:\\laragon\\www\\musicPlayer\\public\\index.php')
CRITICAL - 2023-09-24 12:22:17 --> Undefined variable $playlists
in APPPATH\Views\modals\playlist.php on line 13.
 1 APPPATH\Views\modals\playlist.php(13): CodeIgniter\Debug\Exceptions->errorHandler(2, 'Undefined variable $playlists', 'C:\\laragon\\www\\musicPlayer\\app\\Views\\modals\\playlist.php', 13)
 2 SYSTEMPATH\View\View.php(226): include('C:\\laragon\\www\\musicPlayer\\app\\Views\\modals\\playlist.php')
 3 SYSTEMPATH\View\View.php(229): CodeIgniter\View\View->CodeIgniter\View\{closure}()
 4 SYSTEMPATH\View\View.php(467): CodeIgniter\View\View->render('modals/playlist', null, true)
 5 APPPATH\Views\playlist_view.php(14): CodeIgniter\View\View->include('modals/playlist')
 6 SYSTEMPATH\View\View.php(226): include('C:\\laragon\\www\\musicPlayer\\app\\Views\\playlist_view.php')
 7 SYSTEMPATH\View\View.php(229): CodeIgniter\View\View->CodeIgniter\View\{closure}()
 8 SYSTEMPATH\Common.php(1188): CodeIgniter\View\View->render('playlist_view', [], true)
 9 APPPATH\Controllers\MusicController.php(53): view('playlist_view', [...])
10 SYSTEMPATH\CodeIgniter.php(919): App\Controllers\MusicController->playlist('Church')
11 SYSTEMPATH\CodeIgniter.php(494): CodeIgniter\CodeIgniter->runController(Object(App\Controllers\MusicController))
12 SYSTEMPATH\CodeIgniter.php(353): CodeIgniter\CodeIgniter->handleRequest(null, Object(Config\Cache), false)
13 FCPATH\index.php(79): CodeIgniter\CodeIgniter->run()
14 SYSTEMPATH\Commands\Server\rewrite.php(47): require_once('C:\\laragon\\www\\musicPlayer\\public\\index.php')
CRITICAL - 2023-09-24 12:22:29 --> Undefined variable $playlists
in APPPATH\Views\modals\playlist.php on line 13.
 1 APPPATH\Views\modals\playlist.php(13): CodeIgniter\Debug\Exceptions->errorHandler(2, 'Undefined variable $playlists', 'C:\\laragon\\www\\musicPlayer\\app\\Views\\modals\\playlist.php', 13)
 2 SYSTEMPATH\View\View.php(226): include('C:\\laragon\\www\\musicPlayer\\app\\Views\\modals\\playlist.php')
 3 SYSTEMPATH\View\View.php(229): CodeIgniter\View\View->CodeIgniter\View\{closure}()
 4 SYSTEMPATH\View\View.php(467): CodeIgniter\View\View->render('modals/playlist', null, true)
 5 APPPATH\Views\playlist_view.php(14): CodeIgniter\View\View->include('modals/playlist')
 6 SYSTEMPATH\View\View.php(226): include('C:\\laragon\\www\\musicPlayer\\app\\Views\\playlist_view.php')
 7 SYSTEMPATH\View\View.php(229): CodeIgniter\View\View->CodeIgniter\View\{closure}()
 8 SYSTEMPATH\Common.php(1188): CodeIgniter\View\View->render('playlist_view', [], true)
 9 APPPATH\Controllers\MusicController.php(53): view('playlist_view', [...])
10 SYSTEMPATH\CodeIgniter.php(919): App\Controllers\MusicController->playlist('Church')
11 SYSTEMPATH\CodeIgniter.php(494): CodeIgniter\CodeIgniter->runController(Object(App\Controllers\MusicController))
12 SYSTEMPATH\CodeIgniter.php(353): CodeIgniter\CodeIgniter->handleRequest(null, Object(Config\Cache), false)
13 FCPATH\index.php(79): CodeIgniter\CodeIgniter->run()
14 SYSTEMPATH\Commands\Server\rewrite.php(47): require_once('C:\\laragon\\www\\musicPlayer\\public\\index.php')
CRITICAL - 2023-09-24 12:23:04 --> Undefined variable $playlist
in APPPATH\Views\modals\playlist.php on line 13.
 1 APPPATH\Views\modals\playlist.php(13): CodeIgniter\Debug\Exceptions->errorHandler(2, 'Undefined variable $playlist', 'C:\\laragon\\www\\musicPlayer\\app\\Views\\modals\\playlist.php', 13)
 2 SYSTEMPATH\View\View.php(226): include('C:\\laragon\\www\\musicPlayer\\app\\Views\\modals\\playlist.php')
 3 SYSTEMPATH\View\View.php(229): CodeIgniter\View\View->CodeIgniter\View\{closure}()
 4 SYSTEMPATH\View\View.php(467): CodeIgniter\View\View->render('modals/playlist', null, true)
 5 APPPATH\Views\playlist_view.php(14): CodeIgniter\View\View->include('modals/playlist')
 6 SYSTEMPATH\View\View.php(226): include('C:\\laragon\\www\\musicPlayer\\app\\Views\\playlist_view.php')
 7 SYSTEMPATH\View\View.php(229): CodeIgniter\View\View->CodeIgniter\View\{closure}()
 8 SYSTEMPATH\Common.php(1188): CodeIgniter\View\View->render('playlist_view', [], true)
 9 APPPATH\Controllers\MusicController.php(53): view('playlist_view', [...])
10 SYSTEMPATH\CodeIgniter.php(919): App\Controllers\MusicController->playlist('Church')
11 SYSTEMPATH\CodeIgniter.php(494): CodeIgniter\CodeIgniter->runController(Object(App\Controllers\MusicController))
12 SYSTEMPATH\CodeIgniter.php(353): CodeIgniter\CodeIgniter->handleRequest(null, Object(Config\Cache), false)
13 FCPATH\index.php(79): CodeIgniter\CodeIgniter->run()
14 SYSTEMPATH\Commands\Server\rewrite.php(47): require_once('C:\\laragon\\www\\musicPlayer\\public\\index.php')
CRITICAL - 2023-09-24 12:23:11 --> Undefined variable $playlists
in APPPATH\Views\modals\playlist.php on line 13.
 1 APPPATH\Views\modals\playlist.php(13): CodeIgniter\Debug\Exceptions->errorHandler(2, 'Undefined variable $playlists', 'C:\\laragon\\www\\musicPlayer\\app\\Views\\modals\\playlist.php', 13)
 2 SYSTEMPATH\View\View.php(226): include('C:\\laragon\\www\\musicPlayer\\app\\Views\\modals\\playlist.php')
 3 SYSTEMPATH\View\View.php(229): CodeIgniter\View\View->CodeIgniter\View\{closure}()
 4 SYSTEMPATH\View\View.php(467): CodeIgniter\View\View->render('modals/playlist', null, true)
 5 APPPATH\Views\playlist_view.php(14): CodeIgniter\View\View->include('modals/playlist')
 6 SYSTEMPATH\View\View.php(226): include('C:\\laragon\\www\\musicPlayer\\app\\Views\\playlist_view.php')
 7 SYSTEMPATH\View\View.php(229): CodeIgniter\View\View->CodeIgniter\View\{closure}()
 8 SYSTEMPATH\Common.php(1188): CodeIgniter\View\View->render('playlist_view', [], true)
 9 APPPATH\Controllers\MusicController.php(53): view('playlist_view', [...])
10 SYSTEMPATH\CodeIgniter.php(919): App\Controllers\MusicController->playlist('Church')
11 SYSTEMPATH\CodeIgniter.php(494): CodeIgniter\CodeIgniter->runController(Object(App\Controllers\MusicController))
12 SYSTEMPATH\CodeIgniter.php(353): CodeIgniter\CodeIgniter->handleRequest(null, Object(Config\Cache), false)
13 FCPATH\index.php(79): CodeIgniter\CodeIgniter->run()
14 SYSTEMPATH\Commands\Server\rewrite.php(47): require_once('C:\\laragon\\www\\musicPlayer\\public\\index.php')
CRITICAL - 2023-09-24 12:27:32 --> syntax error, unexpected token "return"
in APPPATH\Views\index.php on line 31.
 1 SYSTEMPATH\View\View.php(229): CodeIgniter\View\View->CodeIgniter\View\{closure}()
 2 SYSTEMPATH\Common.php(1188): CodeIgniter\View\View->render('index', [], true)
 3 APPPATH\Controllers\MusicController.php(178): view('index', [...])
 4 SYSTEMPATH\CodeIgniter.php(919): App\Controllers\MusicController->search()
 5 SYSTEMPATH\CodeIgniter.php(494): CodeIgniter\CodeIgniter->runController(Object(App\Controllers\MusicController))
 6 SYSTEMPATH\CodeIgniter.php(353): CodeIgniter\CodeIgniter->handleRequest(null, Object(Config\Cache), false)
 7 FCPATH\index.php(79): CodeIgniter\CodeIgniter->run()
 8 SYSTEMPATH\Commands\Server\rewrite.php(47): require_once('C:\\laragon\\www\\musicPlayer\\public\\index.php')
CRITICAL - 2023-09-24 12:27:34 --> syntax error, unexpected token "return"
in APPPATH\Views\index.php on line 31.
 1 SYSTEMPATH\View\View.php(229): CodeIgniter\View\View->CodeIgniter\View\{closure}()
 2 SYSTEMPATH\Common.php(1188): CodeIgniter\View\View->render('index', [], true)
 3 APPPATH\Controllers\MusicController.php(31): view('index', [...])
 4 SYSTEMPATH\CodeIgniter.php(919): App\Controllers\MusicController->MusicPlayer()
 5 SYSTEMPATH\CodeIgniter.php(494): CodeIgniter\CodeIgniter->runController(Object(App\Controllers\MusicController))
 6 SYSTEMPATH\CodeIgniter.php(353): CodeIgniter\CodeIgniter->handleRequest(null, Object(Config\Cache), false)
 7 FCPATH\index.php(79): CodeIgniter\CodeIgniter->run()
 8 SYSTEMPATH\Commands\Server\rewrite.php(47): require_once('C:\\laragon\\www\\musicPlayer\\public\\index.php')
CRITICAL - 2023-09-24 12:28:09 --> Allowed memory size of 536870912 bytes exhausted (tried to allocate 32768 bytes)
in APPPATH\Views\modals\create_playlist.php on line 1.
 1 [internal function]: CodeIgniter\Debug\Exceptions->shutdownHandler()
CRITICAL - 2023-09-24 12:29:14 --> Maximum execution time of 60 seconds exceeded
in SYSTEMPATH\Helpers\url_helper.php on line 48.
 1 [internal function]: CodeIgniter\Debug\Exceptions->shutdownHandler()
CRITICAL - 2023-09-24 12:35:14 --> Undefined variable $playlists
in APPPATH\Views\modals\playlist.php on line 13.
 1 APPPATH\Views\modals\playlist.php(13): CodeIgniter\Debug\Exceptions->errorHandler(2, 'Undefined variable $playlists', 'C:\\laragon\\www\\musicPlayer\\app\\Views\\modals\\playlist.php', 13)
 2 SYSTEMPATH\View\View.php(226): include('C:\\laragon\\www\\musicPlayer\\app\\Views\\modals\\playlist.php')
 3 SYSTEMPATH\View\View.php(229): CodeIgniter\View\View->CodeIgniter\View\{closure}()
 4 SYSTEMPATH\View\View.php(467): CodeIgniter\View\View->render('modals/playlist', null, true)
 5 APPPATH\Views\playlist_view.php(14): CodeIgniter\View\View->include('modals/playlist')
 6 SYSTEMPATH\View\View.php(226): include('C:\\laragon\\www\\musicPlayer\\app\\Views\\playlist_view.php')
 7 SYSTEMPATH\View\View.php(229): CodeIgniter\View\View->CodeIgniter\View\{closure}()
 8 SYSTEMPATH\Common.php(1188): CodeIgniter\View\View->render('playlist_view', [], true)
 9 APPPATH\Controllers\MusicController.php(209): view('playlist_view', [...])
10 SYSTEMPATH\CodeIgniter.php(919): App\Controllers\MusicController->playlist('Church')
11 SYSTEMPATH\CodeIgniter.php(494): CodeIgniter\CodeIgniter->runController(Object(App\Controllers\MusicController))
12 SYSTEMPATH\CodeIgniter.php(353): CodeIgniter\CodeIgniter->handleRequest(null, Object(Config\Cache), false)
13 FCPATH\index.php(79): CodeIgniter\CodeIgniter->run()
14 SYSTEMPATH\Commands\Server\rewrite.php(47): require_once('C:\\laragon\\www\\musicPlayer\\public\\index.php')
CRITICAL - 2023-09-24 12:36:20 --> Undefined variable $playlists
in APPPATH\Views\modals\playlist.php on line 13.
 1 APPPATH\Views\modals\playlist.php(13): CodeIgniter\Debug\Exceptions->errorHandler(2, 'Undefined variable $playlists', 'C:\\laragon\\www\\musicPlayer\\app\\Views\\modals\\playlist.php', 13)
 2 SYSTEMPATH\View\View.php(226): include('C:\\laragon\\www\\musicPlayer\\app\\Views\\modals\\playlist.php')
 3 SYSTEMPATH\View\View.php(229): CodeIgniter\View\View->CodeIgniter\View\{closure}()
 4 SYSTEMPATH\View\View.php(467): CodeIgniter\View\View->render('modals/playlist', null, true)
 5 APPPATH\Views\playlist_view.php(14): CodeIgniter\View\View->include('modals/playlist')
 6 SYSTEMPATH\View\View.php(226): include('C:\\laragon\\www\\musicPlayer\\app\\Views\\playlist_view.php')
 7 SYSTEMPATH\View\View.php(229): CodeIgniter\View\View->CodeIgniter\View\{closure}()
 8 SYSTEMPATH\Common.php(1188): CodeIgniter\View\View->render('playlist_view', [], true)
 9 APPPATH\Controllers\MusicController.php(206): view('playlist_view', [...])
10 SYSTEMPATH\CodeIgniter.php(919): App\Controllers\MusicController->playlist('Church')
11 SYSTEMPATH\CodeIgniter.php(494): CodeIgniter\CodeIgniter->runController(Object(App\Controllers\MusicController))
12 SYSTEMPATH\CodeIgniter.php(353): CodeIgniter\CodeIgniter->handleRequest(null, Object(Config\Cache), false)
13 FCPATH\index.php(79): CodeIgniter\CodeIgniter->run()
14 SYSTEMPATH\Commands\Server\rewrite.php(47): require_once('C:\\laragon\\www\\musicPlayer\\public\\index.php')
CRITICAL - 2023-09-24 12:37:36 --> Undefined variable $playlists
in APPPATH\Views\modals\playlist.php on line 13.
 1 APPPATH\Views\modals\playlist.php(13): CodeIgniter\Debug\Exceptions->errorHandler(2, 'Undefined variable $playlists', 'C:\\laragon\\www\\musicPlayer\\app\\Views\\modals\\playlist.php', 13)
 2 SYSTEMPATH\View\View.php(226): include('C:\\laragon\\www\\musicPlayer\\app\\Views\\modals\\playlist.php')
 3 SYSTEMPATH\View\View.php(229): CodeIgniter\View\View->CodeIgniter\View\{closure}()
 4 SYSTEMPATH\View\View.php(467): CodeIgniter\View\View->render('modals/playlist', null, true)
 5 APPPATH\Views\playlist_view.php(14): CodeIgniter\View\View->include('modals/playlist')
 6 SYSTEMPATH\View\View.php(226): include('C:\\laragon\\www\\musicPlayer\\app\\Views\\playlist_view.php')
 7 SYSTEMPATH\View\View.php(229): CodeIgniter\View\View->CodeIgniter\View\{closure}()
 8 SYSTEMPATH\Common.php(1188): CodeIgniter\View\View->render('playlist_view', [], true)
 9 APPPATH\Controllers\MusicController.php(206): view('playlist_view', [...])
10 SYSTEMPATH\CodeIgniter.php(919): App\Controllers\MusicController->playlist('Church')
11 SYSTEMPATH\CodeIgniter.php(494): CodeIgniter\CodeIgniter->runController(Object(App\Controllers\MusicController))
12 SYSTEMPATH\CodeIgniter.php(353): CodeIgniter\CodeIgniter->handleRequest(null, Object(Config\Cache), false)
13 FCPATH\index.php(79): CodeIgniter\CodeIgniter->run()
14 SYSTEMPATH\Commands\Server\rewrite.php(47): require_once('C:\\laragon\\www\\musicPlayer\\public\\index.php')
CRITICAL - 2023-09-24 12:42:52 --> Undefined variable $songs
in APPPATH\Views\modals\create_playlist.php on line 19.
 1 APPPATH\Views\modals\create_playlist.php(19): CodeIgniter\Debug\Exceptions->errorHandler(2, 'Undefined variable $songs', 'C:\\laragon\\www\\musicPlayer\\app\\Views\\modals\\create_playlist.php', 19)
 2 SYSTEMPATH\View\View.php(226): include('C:\\laragon\\www\\musicPlayer\\app\\Views\\modals\\create_playlist.php')
 3 SYSTEMPATH\View\View.php(229): CodeIgniter\View\View->CodeIgniter\View\{closure}()
 4 SYSTEMPATH\View\View.php(467): CodeIgniter\View\View->render('modals/create_playlist', null, true)
 5 APPPATH\Views\modals\playlist.php(1): CodeIgniter\View\View->include('modals/create_playlist')
 6 SYSTEMPATH\View\View.php(226): include('C:\\laragon\\www\\musicPlayer\\app\\Views\\modals\\playlist.php')
 7 SYSTEMPATH\View\View.php(229): CodeIgniter\View\View->CodeIgniter\View\{closure}()
 8 SYSTEMPATH\View\View.php(467): CodeIgniter\View\View->render('modals/playlist', null, true)
 9 APPPATH\Views\playlist_view.php(14): CodeIgniter\View\View->include('modals/playlist')
10 SYSTEMPATH\View\View.php(226): include('C:\\laragon\\www\\musicPlayer\\app\\Views\\playlist_view.php')
11 SYSTEMPATH\View\View.php(229): CodeIgniter\View\View->CodeIgniter\View\{closure}()
12 SYSTEMPATH\Common.php(1188): CodeIgniter\View\View->render('playlist_view', [], true)
13 APPPATH\Controllers\MusicController.php(188): view('playlist_view')
14 SYSTEMPATH\CodeIgniter.php(919): App\Controllers\MusicController->playlist('Church')
15 SYSTEMPATH\CodeIgniter.php(494): CodeIgniter\CodeIgniter->runController(Object(App\Controllers\MusicController))
16 SYSTEMPATH\CodeIgniter.php(353): CodeIgniter\CodeIgniter->handleRequest(null, Object(Config\Cache), false)
17 FCPATH\index.php(79): CodeIgniter\CodeIgniter->run()
18 SYSTEMPATH\Commands\Server\rewrite.php(47): require_once('C:\\laragon\\www\\musicPlayer\\public\\index.php')
CRITICAL - 2023-09-24 12:44:06 --> Undefined variable $playlistSongs
in APPPATH\Views\playlist_view.php on line 23.
 1 APPPATH\Views\playlist_view.php(23): CodeIgniter\Debug\Exceptions->errorHandler(2, 'Undefined variable $playlistSongs', 'C:\\laragon\\www\\musicPlayer\\app\\Views\\playlist_view.php', 23)
 2 SYSTEMPATH\View\View.php(226): include('C:\\laragon\\www\\musicPlayer\\app\\Views\\playlist_view.php')
 3 SYSTEMPATH\View\View.php(229): CodeIgniter\View\View->CodeIgniter\View\{closure}()
 4 SYSTEMPATH\Common.php(1188): CodeIgniter\View\View->render('playlist_view', [], true)
 5 APPPATH\Controllers\MusicController.php(208): view('playlist_view', [...])
 6 SYSTEMPATH\CodeIgniter.php(919): App\Controllers\MusicController->playlist('Church')
 7 SYSTEMPATH\CodeIgniter.php(494): CodeIgniter\CodeIgniter->runController(Object(App\Controllers\MusicController))
 8 SYSTEMPATH\CodeIgniter.php(353): CodeIgniter\CodeIgniter->handleRequest(null, Object(Config\Cache), false)
 9 FCPATH\index.php(79): CodeIgniter\CodeIgniter->run()
10 SYSTEMPATH\Commands\Server\rewrite.php(47): require_once('C:\\laragon\\www\\musicPlayer\\public\\index.php')
CRITICAL - 2023-09-24 12:44:26 --> Undefined array key "ms_name"
in APPPATH\Views\playlist_view.php on line 24.
 1 APPPATH\Views\playlist_view.php(24): CodeIgniter\Debug\Exceptions->errorHandler(2, 'Undefined array key "ms_name"', 'C:\\laragon\\www\\musicPlayer\\app\\Views\\playlist_view.php', 24)
 2 SYSTEMPATH\View\View.php(226): include('C:\\laragon\\www\\musicPlayer\\app\\Views\\playlist_view.php')
 3 SYSTEMPATH\View\View.php(229): CodeIgniter\View\View->CodeIgniter\View\{closure}()
 4 SYSTEMPATH\Common.php(1188): CodeIgniter\View\View->render('playlist_view', [], true)
 5 APPPATH\Controllers\MusicController.php(208): view('playlist_view', [...])
 6 SYSTEMPATH\CodeIgniter.php(919): App\Controllers\MusicController->playlist('Church')
 7 SYSTEMPATH\CodeIgniter.php(494): CodeIgniter\CodeIgniter->runController(Object(App\Controllers\MusicController))
 8 SYSTEMPATH\CodeIgniter.php(353): CodeIgniter\CodeIgniter->handleRequest(null, Object(Config\Cache), false)
 9 FCPATH\index.php(79): CodeIgniter\CodeIgniter->run()
10 SYSTEMPATH\Commands\Server\rewrite.php(47): require_once('C:\\laragon\\www\\musicPlayer\\public\\index.php')
